<?xml version="1.0" encoding="UTF-8"?>
<!-- Generated by org.testng.reporters.JUnitReportReporter -->
<testsuite hostname="DESKTOP-8S37I6A" failures="0" tests="1" name="firstpackage.firsttest" time="0.010" errors="0" timestamp="2021-06-24T22:09:56 EDT" skipped="0">
  <testcase classname="firstpackage.firsttest" name="one" time="0.010"/>
  <system-out/>
</testsuite> <!-- firstpackage.firsttest -->
