<?xml version="1.0" encoding="UTF-8"?>
<!-- Generated by org.testng.reporters.JUnitReportReporter -->
<testsuite hostname="DESKTOP-8S37I6A" failures="0" tests="3" name="firstpackage.testing" time="5.810" errors="0" timestamp="2021-06-24T23:06:09 EDT" skipped="0">
  <testcase classname="firstpackage.testing" name="buttons" time="2.290"/>
  <system-out/>
  <testcase classname="firstpackage.testing" name="testlogo" time="1.858"/>
  <system-out/>
  <testcase classname="firstpackage.testing" name="imagess" time="1.662"/>
  <system-out/>
</testsuite> <!-- firstpackage.testing -->
