<?xml version="1.0" encoding="UTF-8"?>
<!-- Generated by org.testng.reporters.JUnitReportReporter -->
<testsuite hostname="DESKTOP-8S37I6A" failures="0" tests="1" name="firstpackage.Check_Image" time="3.095" errors="0" timestamp="2021-06-24T22:52:54 EDT" skipped="0">
  <testcase classname="firstpackage.Check_Image" name="testlogo" time="3.095"/>
  <system-out/>
</testsuite> <!-- firstpackage.Check_Image -->
