<?xml version="1.0" encoding="UTF-8"?>
<!-- Generated by org.testng.reporters.JUnitReportReporter -->
<testsuite hostname="DESKTOP-8S37I6A" failures="0" tests="2" name="firstpackage.buttons" time="3.880" errors="0" timestamp="2021-06-27T12:23:39 EDT" skipped="0">
  <testcase classname="firstpackage.buttons" name="buttons" time="2.191"/>
  <system-out/>
  <testcase classname="firstpackage.buttons" name="imagess" time="1.689"/>
  <system-out/>
</testsuite> <!-- firstpackage.buttons -->
