<?xml version="1.0" encoding="UTF-8"?>
<!-- Generated by org.testng.reporters.JUnitReportReporter -->
<testsuite hostname="DESKTOP-8S37I6A" failures="0" tests="1" name="firstpackage.testing" time="2.143" errors="0" timestamp="2021-06-27T12:20:24 EDT" skipped="0">
  <testcase classname="firstpackage.testing" name="testlogo" time="2.143"/>
  <system-out/>
</testsuite> <!-- firstpackage.testing -->
