<?xml version="1.0" encoding="UTF-8"?>
<!-- Generated by org.testng.reporters.JUnitReportReporter -->
<testsuite hostname="DESKTOP-8S37I6A" failures="0" tests="2" name="practice1.java.priority" time="5.938" errors="0" timestamp="2021-06-24T22:57:05 EDT" skipped="0">
  <testcase classname="practice1.java.priority" name="imagess" time="2.578"/>
  <system-out/>
  <testcase classname="practice1.java.priority" name="buttons" time="3.360"/>
  <system-out/>
</testsuite> <!-- practice1.java.priority -->
